2022-11-24 18:17:16.889 TRACE_ID INFO  main SparrowContainer ----------------- container init ....-------------------
2022-11-24 18:17:16.900 TRACE_ID INFO  main SparrowContainer -------------system config file init ...-------------------
2022-11-24 18:17:16.910 TRACE_ID INFO  main SparrowContainer -------------init bean ...---------------------------
2022-11-24 18:17:16.979 TRACE_ID INFO  main ClassUtility class com.sparrow.security.RoleDaoTest init .....
2022-11-24 18:17:16.984 TRACE_ID INFO  main ClassUtility class com.sparrow.security.ForumDaoTest init .....
2022-11-24 18:17:16.987 TRACE_ID INFO  main ClassUtility class com.sparrow.security.ResourceDaoTest init .....
2022-11-24 18:17:16.987 TRACE_ID INFO  main ClassUtility class com.sparrow.security.BaseTest init .....
2022-11-24 18:17:16.987 TRACE_ID INFO  main ClassUtility class RoleDaoImpl init .....
2022-11-24 18:17:16.998 TRACE_ID INFO  main ClassUtility class PrivilegeDaoImpl init .....
2022-11-24 18:17:16.998 TRACE_ID INFO  main ClassUtility class UserGroupDaoImpl init .....
2022-11-24 18:17:16.999 TRACE_ID INFO  main ClassUtility class DepartmentDaoImpl init .....
2022-11-24 18:17:17.001 TRACE_ID INFO  main ClassUtility class GroupDaoImpl init .....
2022-11-24 18:17:17.003 TRACE_ID INFO  main ClassUtility class GroupRoleDaoImpl init .....
2022-11-24 18:17:17.006 TRACE_ID INFO  main ClassUtility class ResourceDaoImpl init .....
2022-11-24 18:17:17.011 TRACE_ID INFO  main ClassUtility class ForumDaoImpl init .....
2022-11-24 18:17:17.012 TRACE_ID INFO  main ClassUtility class GroupStrategyDaoImpl init .....
2022-11-24 18:17:17.012 TRACE_ID INFO  main ClassUtility class RoleStrategyDaoImpl init .....
2022-11-24 18:17:17.293 TRACE_ID INFO  main ClassUtility class DepartmentDAO init .....
2022-11-24 18:17:17.295 TRACE_ID INFO  main ClassUtility class GroupDAO init .....
2022-11-24 18:17:17.295 TRACE_ID INFO  main ClassUtility class UserGroupDAO init .....
2022-11-24 18:17:17.295 TRACE_ID INFO  main ClassUtility class ResourceDAO init .....
2022-11-24 18:17:17.295 TRACE_ID INFO  main ClassUtility class GroupRoleDAO init .....
2022-11-24 18:17:17.295 TRACE_ID INFO  main ClassUtility class PrivilegeDAO init .....
2022-11-24 18:17:17.295 TRACE_ID INFO  main ClassUtility class ForumDAO init .....
2022-11-24 18:17:17.297 TRACE_ID INFO  main ClassUtility class RoleDAO init .....
2022-11-24 18:17:17.297 TRACE_ID INFO  main ClassUtility class AppDAO init .....
2022-11-24 18:17:17.297 TRACE_ID INFO  main ClassUtility class RoleStrategyDAO init .....
2022-11-24 18:17:17.298 TRACE_ID INFO  main ClassUtility class com.sparrow.security.po.Role init .....
2022-11-24 18:17:17.299 TRACE_ID INFO  main ClassUtility class com.sparrow.security.po.UserGroup init .....
2022-11-24 18:17:17.299 TRACE_ID INFO  main ClassUtility class com.sparrow.security.po.UserRole init .....
2022-11-24 18:17:17.299 TRACE_ID INFO  main ClassUtility class com.sparrow.security.po.Department init .....
2022-11-24 18:17:17.299 TRACE_ID INFO  main ClassUtility class com.sparrow.security.po.Forum init .....
2022-11-24 18:17:17.299 TRACE_ID INFO  main ClassUtility class com.sparrow.security.po.Resource init .....
2022-11-24 18:17:17.302 TRACE_ID INFO  main ClassUtility class com.sparrow.security.po.Privilege init .....
2022-11-24 18:17:17.302 TRACE_ID INFO  main ClassUtility class com.sparrow.security.po.User init .....
2022-11-24 18:17:17.303 TRACE_ID INFO  main ClassUtility class com.sparrow.security.po.RoleApp init .....
2022-11-24 18:17:17.303 TRACE_ID INFO  main ClassUtility class com.sparrow.security.po.Group init .....
2022-11-24 18:17:17.303 TRACE_ID INFO  main ClassUtility class com.sparrow.security.po.App init .....
2022-11-24 18:17:17.304 TRACE_ID INFO  main ClassUtility class com.sparrow.security.po.GroupRole init .....
2022-11-24 18:17:17.304 TRACE_ID INFO  main ClassUtility class com.sparrow.security.po.RoleStrategy init .....
2022-11-24 18:17:17.445 TRACE_ID INFO  main DataSourceFactoryImpl password_key mysql_sparrow_password,password 11111111
2022-11-24 18:17:18.678 TRACE_ID INFO  main SparrowContainer -------------init initializer ...--------------------------
2022-11-24 18:17:18.682 TRACE_ID INFO  main SparrowContainer -----------------Ioc container init success...-------------------
2022-11-24 18:18:07.280 TRACE_ID INFO  main SparrowContainer ----------------- container init ....-------------------
2022-11-24 18:18:07.284 TRACE_ID INFO  main SparrowContainer -------------system config file init ...-------------------
2022-11-24 18:18:07.291 TRACE_ID INFO  main SparrowContainer -------------init bean ...---------------------------
2022-11-24 18:18:07.323 TRACE_ID INFO  main ClassUtility class com.sparrow.security.RoleDaoTest init .....
2022-11-24 18:18:07.325 TRACE_ID INFO  main ClassUtility class com.sparrow.security.ForumDaoTest init .....
2022-11-24 18:18:07.326 TRACE_ID INFO  main ClassUtility class com.sparrow.security.ResourceDaoTest init .....
2022-11-24 18:18:07.327 TRACE_ID INFO  main ClassUtility class com.sparrow.security.BaseTest init .....
2022-11-24 18:18:07.328 TRACE_ID INFO  main ClassUtility class RoleDaoImpl init .....
2022-11-24 18:18:07.333 TRACE_ID INFO  main ClassUtility class PrivilegeDaoImpl init .....
2022-11-24 18:18:07.336 TRACE_ID INFO  main ClassUtility class UserGroupDaoImpl init .....
2022-11-24 18:18:07.337 TRACE_ID INFO  main ClassUtility class DepartmentDaoImpl init .....
2022-11-24 18:18:07.338 TRACE_ID INFO  main ClassUtility class GroupDaoImpl init .....
2022-11-24 18:18:07.339 TRACE_ID INFO  main ClassUtility class GroupRoleDaoImpl init .....
2022-11-24 18:18:07.340 TRACE_ID INFO  main ClassUtility class ResourceDaoImpl init .....
2022-11-24 18:18:07.342 TRACE_ID INFO  main ClassUtility class ForumDaoImpl init .....
2022-11-24 18:18:07.343 TRACE_ID INFO  main ClassUtility class GroupStrategyDaoImpl init .....
2022-11-24 18:18:07.344 TRACE_ID INFO  main ClassUtility class RoleStrategyDaoImpl init .....
2022-11-24 18:18:07.563 TRACE_ID INFO  main ClassUtility class DepartmentDAO init .....
2022-11-24 18:18:07.564 TRACE_ID INFO  main ClassUtility class GroupDAO init .....
2022-11-24 18:18:07.565 TRACE_ID INFO  main ClassUtility class UserGroupDAO init .....
2022-11-24 18:18:07.565 TRACE_ID INFO  main ClassUtility class ResourceDAO init .....
2022-11-24 18:18:07.565 TRACE_ID INFO  main ClassUtility class GroupRoleDAO init .....
2022-11-24 18:18:07.565 TRACE_ID INFO  main ClassUtility class PrivilegeDAO init .....
2022-11-24 18:18:07.565 TRACE_ID INFO  main ClassUtility class ForumDAO init .....
2022-11-24 18:18:07.567 TRACE_ID INFO  main ClassUtility class RoleDAO init .....
2022-11-24 18:18:07.567 TRACE_ID INFO  main ClassUtility class AppDAO init .....
2022-11-24 18:18:07.568 TRACE_ID INFO  main ClassUtility class RoleStrategyDAO init .....
2022-11-24 18:18:07.569 TRACE_ID INFO  main ClassUtility class com.sparrow.security.po.Role init .....
2022-11-24 18:18:07.569 TRACE_ID INFO  main ClassUtility class com.sparrow.security.po.UserGroup init .....
2022-11-24 18:18:07.570 TRACE_ID INFO  main ClassUtility class com.sparrow.security.po.UserRole init .....
2022-11-24 18:18:07.570 TRACE_ID INFO  main ClassUtility class com.sparrow.security.po.Department init .....
2022-11-24 18:18:07.571 TRACE_ID INFO  main ClassUtility class com.sparrow.security.po.Forum init .....
2022-11-24 18:18:07.571 TRACE_ID INFO  main ClassUtility class com.sparrow.security.po.Resource init .....
2022-11-24 18:18:07.572 TRACE_ID INFO  main ClassUtility class com.sparrow.security.po.Privilege init .....
2022-11-24 18:18:07.572 TRACE_ID INFO  main ClassUtility class com.sparrow.security.po.User init .....
2022-11-24 18:18:07.572 TRACE_ID INFO  main ClassUtility class com.sparrow.security.po.RoleApp init .....
2022-11-24 18:18:07.573 TRACE_ID INFO  main ClassUtility class com.sparrow.security.po.Group init .....
2022-11-24 18:18:07.573 TRACE_ID INFO  main ClassUtility class com.sparrow.security.po.App init .....
2022-11-24 18:18:07.574 TRACE_ID INFO  main ClassUtility class com.sparrow.security.po.GroupRole init .....
2022-11-24 18:18:07.574 TRACE_ID INFO  main ClassUtility class com.sparrow.security.po.RoleStrategy init .....
2022-11-24 18:18:07.669 TRACE_ID INFO  main DataSourceFactoryImpl password_key mysql_sparrow_password,password 11111111
2022-11-24 18:18:08.156 TRACE_ID INFO  main SparrowContainer -------------init initializer ...--------------------------
2022-11-24 18:18:08.158 TRACE_ID INFO  main SparrowContainer -----------------Ioc container init success...-------------------
2022-11-24 18:18:59.340 TRACE_ID INFO  main SparrowContainer ----------------- container init ....-------------------
2022-11-24 18:18:59.344 TRACE_ID INFO  main SparrowContainer -------------system config file init ...-------------------
2022-11-24 18:18:59.350 TRACE_ID INFO  main SparrowContainer -------------init bean ...---------------------------
2022-11-24 18:18:59.387 TRACE_ID INFO  main ClassUtility class com.sparrow.security.RoleDaoTest init .....
2022-11-24 18:18:59.390 TRACE_ID INFO  main ClassUtility class com.sparrow.security.ForumDaoTest init .....
2022-11-24 18:18:59.390 TRACE_ID INFO  main ClassUtility class com.sparrow.security.ResourceDaoTest init .....
2022-11-24 18:18:59.391 TRACE_ID INFO  main ClassUtility class com.sparrow.security.BaseTest init .....
2022-11-24 18:18:59.392 TRACE_ID INFO  main ClassUtility class RoleDaoImpl init .....
2022-11-24 18:18:59.399 TRACE_ID INFO  main ClassUtility class PrivilegeDaoImpl init .....
2022-11-24 18:18:59.400 TRACE_ID INFO  main ClassUtility class UserGroupDaoImpl init .....
2022-11-24 18:18:59.405 TRACE_ID INFO  main ClassUtility class DepartmentDaoImpl init .....
2022-11-24 18:18:59.408 TRACE_ID INFO  main ClassUtility class GroupDaoImpl init .....
2022-11-24 18:18:59.412 TRACE_ID INFO  main ClassUtility class GroupRoleDaoImpl init .....
2022-11-24 18:18:59.413 TRACE_ID INFO  main ClassUtility class ResourceDaoImpl init .....
2022-11-24 18:18:59.414 TRACE_ID INFO  main ClassUtility class ForumDaoImpl init .....
2022-11-24 18:18:59.414 TRACE_ID INFO  main ClassUtility class GroupStrategyDaoImpl init .....
2022-11-24 18:18:59.415 TRACE_ID INFO  main ClassUtility class RoleStrategyDaoImpl init .....
2022-11-24 18:18:59.659 TRACE_ID INFO  main ClassUtility class DepartmentDAO init .....
2022-11-24 18:18:59.661 TRACE_ID INFO  main ClassUtility class GroupDAO init .....
2022-11-24 18:18:59.661 TRACE_ID INFO  main ClassUtility class UserGroupDAO init .....
2022-11-24 18:18:59.662 TRACE_ID INFO  main ClassUtility class ResourceDAO init .....
2022-11-24 18:18:59.662 TRACE_ID INFO  main ClassUtility class GroupRoleDAO init .....
2022-11-24 18:18:59.662 TRACE_ID INFO  main ClassUtility class PrivilegeDAO init .....
2022-11-24 18:18:59.662 TRACE_ID INFO  main ClassUtility class ForumDAO init .....
2022-11-24 18:18:59.663 TRACE_ID INFO  main ClassUtility class RoleDAO init .....
2022-11-24 18:18:59.663 TRACE_ID INFO  main ClassUtility class AppDAO init .....
2022-11-24 18:18:59.664 TRACE_ID INFO  main ClassUtility class RoleStrategyDAO init .....
2022-11-24 18:18:59.665 TRACE_ID INFO  main ClassUtility class com.sparrow.security.po.Role init .....
2022-11-24 18:18:59.666 TRACE_ID INFO  main ClassUtility class com.sparrow.security.po.UserGroup init .....
2022-11-24 18:18:59.666 TRACE_ID INFO  main ClassUtility class com.sparrow.security.po.UserRole init .....
2022-11-24 18:18:59.667 TRACE_ID INFO  main ClassUtility class com.sparrow.security.po.Department init .....
2022-11-24 18:18:59.667 TRACE_ID INFO  main ClassUtility class com.sparrow.security.po.Forum init .....
2022-11-24 18:18:59.667 TRACE_ID INFO  main ClassUtility class com.sparrow.security.po.Resource init .....
2022-11-24 18:18:59.669 TRACE_ID INFO  main ClassUtility class com.sparrow.security.po.Privilege init .....
2022-11-24 18:18:59.669 TRACE_ID INFO  main ClassUtility class com.sparrow.security.po.User init .....
2022-11-24 18:18:59.670 TRACE_ID INFO  main ClassUtility class com.sparrow.security.po.RoleApp init .....
2022-11-24 18:18:59.670 TRACE_ID INFO  main ClassUtility class com.sparrow.security.po.Group init .....
2022-11-24 18:18:59.670 TRACE_ID INFO  main ClassUtility class com.sparrow.security.po.App init .....
2022-11-24 18:18:59.671 TRACE_ID INFO  main ClassUtility class com.sparrow.security.po.GroupRole init .....
2022-11-24 18:18:59.671 TRACE_ID INFO  main ClassUtility class com.sparrow.security.po.RoleStrategy init .....
2022-11-24 18:18:59.772 TRACE_ID INFO  main DataSourceFactoryImpl password_key mysql_sparrow_password,password 11111111
2022-11-24 18:19:00.255 TRACE_ID INFO  main SparrowContainer -------------init initializer ...--------------------------
2022-11-24 18:19:00.258 TRACE_ID INFO  main SparrowContainer -----------------Ioc container init success...-------------------
2022-11-24 20:15:55.681 TRACE_ID INFO  main SparrowContainer ----------------- container init ....-------------------
2022-11-24 20:15:55.688 TRACE_ID INFO  main SparrowContainer -------------system config file init ...-------------------
2022-11-24 20:15:55.697 TRACE_ID INFO  main SparrowContainer -------------init bean ...---------------------------
2022-11-24 20:15:55.760 TRACE_ID INFO  main ClassUtility class com.sparrow.security.RoleDaoTest init .....
2022-11-24 20:15:55.765 TRACE_ID INFO  main ClassUtility class com.sparrow.security.ForumDaoTest init .....
2022-11-24 20:15:55.767 TRACE_ID INFO  main ClassUtility class com.sparrow.security.ResourceDaoTest init .....
2022-11-24 20:15:55.767 TRACE_ID INFO  main ClassUtility class com.sparrow.security.BaseTest init .....
2022-11-24 20:15:55.767 TRACE_ID INFO  main ClassUtility class RoleDaoImpl init .....
2022-11-24 20:15:55.778 TRACE_ID INFO  main ClassUtility class PrivilegeDaoImpl init .....
2022-11-24 20:15:55.780 TRACE_ID INFO  main ClassUtility class UserGroupDaoImpl init .....
2022-11-24 20:15:55.781 TRACE_ID INFO  main ClassUtility class DepartmentDaoImpl init .....
2022-11-24 20:15:55.783 TRACE_ID INFO  main ClassUtility class GroupDaoImpl init .....
2022-11-24 20:15:55.798 TRACE_ID INFO  main ClassUtility class GroupRoleDaoImpl init .....
2022-11-24 20:15:55.806 TRACE_ID INFO  main ClassUtility class ResourceDaoImpl init .....
2022-11-24 20:15:55.808 TRACE_ID INFO  main ClassUtility class ForumDaoImpl init .....
2022-11-24 20:15:55.809 TRACE_ID INFO  main ClassUtility class GroupStrategyDaoImpl init .....
2022-11-24 20:15:55.810 TRACE_ID INFO  main ClassUtility class RoleStrategyDaoImpl init .....
2022-11-24 20:15:56.506 TRACE_ID INFO  main ClassUtility class DepartmentDAO init .....
2022-11-24 20:15:56.508 TRACE_ID INFO  main ClassUtility class GroupDAO init .....
2022-11-24 20:15:56.508 TRACE_ID INFO  main ClassUtility class UserGroupDAO init .....
2022-11-24 20:15:56.508 TRACE_ID INFO  main ClassUtility class ResourceDAO init .....
2022-11-24 20:15:56.508 TRACE_ID INFO  main ClassUtility class GroupRoleDAO init .....
2022-11-24 20:15:56.508 TRACE_ID INFO  main ClassUtility class PrivilegeDAO init .....
2022-11-24 20:15:56.512 TRACE_ID INFO  main ClassUtility class ForumDAO init .....
2022-11-24 20:15:56.513 TRACE_ID INFO  main ClassUtility class RoleDAO init .....
2022-11-24 20:15:56.513 TRACE_ID INFO  main ClassUtility class AppDAO init .....
2022-11-24 20:15:56.517 TRACE_ID INFO  main ClassUtility class RoleStrategyDAO init .....
2022-11-24 20:15:56.518 TRACE_ID INFO  main ClassUtility class com.sparrow.security.po.Role init .....
2022-11-24 20:15:56.520 TRACE_ID INFO  main ClassUtility class com.sparrow.security.po.UserGroup init .....
2022-11-24 20:15:56.527 TRACE_ID INFO  main ClassUtility class com.sparrow.security.po.UserRole init .....
2022-11-24 20:15:56.528 TRACE_ID INFO  main ClassUtility class com.sparrow.security.po.Department init .....
2022-11-24 20:15:56.529 TRACE_ID INFO  main ClassUtility class com.sparrow.security.po.Forum init .....
2022-11-24 20:15:56.534 TRACE_ID INFO  main ClassUtility class com.sparrow.security.po.Resource init .....
2022-11-24 20:15:56.537 TRACE_ID INFO  main ClassUtility class com.sparrow.security.po.Privilege init .....
2022-11-24 20:15:56.539 TRACE_ID INFO  main ClassUtility class com.sparrow.security.po.User init .....
2022-11-24 20:15:56.541 TRACE_ID INFO  main ClassUtility class com.sparrow.security.po.RoleApp init .....
2022-11-24 20:15:56.542 TRACE_ID INFO  main ClassUtility class com.sparrow.security.po.Group init .....
2022-11-24 20:15:56.545 TRACE_ID INFO  main ClassUtility class com.sparrow.security.po.App init .....
2022-11-24 20:15:56.548 TRACE_ID INFO  main ClassUtility class com.sparrow.security.po.GroupRole init .....
2022-11-24 20:15:56.549 TRACE_ID INFO  main ClassUtility class com.sparrow.security.po.RoleStrategy init .....
2022-11-24 20:15:56.833 TRACE_ID INFO  main DataSourceFactoryImpl password_key mysql_sparrow_password,password 11111111
2022-11-24 20:15:57.667 TRACE_ID INFO  main SparrowContainer -------------init initializer ...--------------------------
2022-11-24 20:15:57.669 TRACE_ID INFO  main SparrowContainer -----------------Ioc container init success...-------------------
2022-11-24 20:16:29.941 TRACE_ID INFO  main SparrowContainer ----------------- container init ....-------------------
2022-11-24 20:16:29.944 TRACE_ID INFO  main SparrowContainer -------------system config file init ...-------------------
2022-11-24 20:16:29.957 TRACE_ID INFO  main SparrowContainer -------------init bean ...---------------------------
2022-11-24 20:16:30.038 TRACE_ID INFO  main ClassUtility class com.sparrow.security.RoleDaoTest init .....
2022-11-24 20:16:30.077 TRACE_ID INFO  main ClassUtility class com.sparrow.security.ForumDaoTest init .....
2022-11-24 20:16:30.079 TRACE_ID INFO  main ClassUtility class com.sparrow.security.ResourceDaoTest init .....
2022-11-24 20:16:30.080 TRACE_ID INFO  main ClassUtility class com.sparrow.security.BaseTest init .....
2022-11-24 20:16:30.080 TRACE_ID INFO  main ClassUtility class RoleDaoImpl init .....
2022-11-24 20:16:30.101 TRACE_ID INFO  main ClassUtility class PrivilegeDaoImpl init .....
2022-11-24 20:16:30.104 TRACE_ID INFO  main ClassUtility class UserGroupDaoImpl init .....
2022-11-24 20:16:30.114 TRACE_ID INFO  main ClassUtility class DepartmentDaoImpl init .....
2022-11-24 20:16:30.115 TRACE_ID INFO  main ClassUtility class GroupDaoImpl init .....
2022-11-24 20:16:30.117 TRACE_ID INFO  main ClassUtility class GroupRoleDaoImpl init .....
2022-11-24 20:16:30.119 TRACE_ID INFO  main ClassUtility class ResourceDaoImpl init .....
2022-11-24 20:16:30.121 TRACE_ID INFO  main ClassUtility class ForumDaoImpl init .....
2022-11-24 20:16:30.122 TRACE_ID INFO  main ClassUtility class GroupStrategyDaoImpl init .....
2022-11-24 20:16:30.123 TRACE_ID INFO  main ClassUtility class RoleStrategyDaoImpl init .....
2022-11-24 20:16:30.457 TRACE_ID INFO  main ClassUtility class DepartmentDAO init .....
2022-11-24 20:16:30.459 TRACE_ID INFO  main ClassUtility class GroupDAO init .....
2022-11-24 20:16:30.459 TRACE_ID INFO  main ClassUtility class UserGroupDAO init .....
2022-11-24 20:16:30.459 TRACE_ID INFO  main ClassUtility class ResourceDAO init .....
2022-11-24 20:16:30.459 TRACE_ID INFO  main ClassUtility class GroupRoleDAO init .....
2022-11-24 20:16:30.460 TRACE_ID INFO  main ClassUtility class PrivilegeDAO init .....
2022-11-24 20:16:30.460 TRACE_ID INFO  main ClassUtility class ForumDAO init .....
2022-11-24 20:16:30.460 TRACE_ID INFO  main ClassUtility class RoleDAO init .....
2022-11-24 20:16:30.462 TRACE_ID INFO  main ClassUtility class AppDAO init .....
2022-11-24 20:16:30.464 TRACE_ID INFO  main ClassUtility class RoleStrategyDAO init .....
2022-11-24 20:16:30.464 TRACE_ID INFO  main ClassUtility class com.sparrow.security.po.Role init .....
2022-11-24 20:16:30.466 TRACE_ID INFO  main ClassUtility class com.sparrow.security.po.UserGroup init .....
2022-11-24 20:16:30.467 TRACE_ID INFO  main ClassUtility class com.sparrow.security.po.UserRole init .....
2022-11-24 20:16:30.468 TRACE_ID INFO  main ClassUtility class com.sparrow.security.po.Department init .....
2022-11-24 20:16:30.469 TRACE_ID INFO  main ClassUtility class com.sparrow.security.po.Forum init .....
2022-11-24 20:16:30.470 TRACE_ID INFO  main ClassUtility class com.sparrow.security.po.Resource init .....
2022-11-24 20:16:30.472 TRACE_ID INFO  main ClassUtility class com.sparrow.security.po.Privilege init .....
2022-11-24 20:16:30.472 TRACE_ID INFO  main ClassUtility class com.sparrow.security.po.User init .....
2022-11-24 20:16:30.473 TRACE_ID INFO  main ClassUtility class com.sparrow.security.po.RoleApp init .....
2022-11-24 20:16:30.474 TRACE_ID INFO  main ClassUtility class com.sparrow.security.po.Group init .....
2022-11-24 20:16:30.474 TRACE_ID INFO  main ClassUtility class com.sparrow.security.po.App init .....
2022-11-24 20:16:30.475 TRACE_ID INFO  main ClassUtility class com.sparrow.security.po.GroupRole init .....
2022-11-24 20:16:30.476 TRACE_ID INFO  main ClassUtility class com.sparrow.security.po.RoleStrategy init .....
2022-11-24 20:16:30.599 TRACE_ID INFO  main DataSourceFactoryImpl password_key mysql_sparrow_password,password 11111111
2022-11-24 20:16:31.318 TRACE_ID INFO  main SparrowContainer -------------init initializer ...--------------------------
2022-11-24 20:16:31.320 TRACE_ID INFO  main SparrowContainer -----------------Ioc container init success...-------------------
2022-11-24 22:03:47.419 TRACE_ID INFO  main SparrowContainer ----------------- container init ....-------------------
2022-11-24 22:03:47.425 TRACE_ID INFO  main SparrowContainer -------------system config file init ...-------------------
2022-11-24 22:03:47.433 TRACE_ID INFO  main SparrowContainer -------------init bean ...---------------------------
2022-11-24 22:03:47.473 TRACE_ID INFO  main ClassUtility class com.sparrow.security.RoleDaoTest init .....
2022-11-24 22:03:47.477 TRACE_ID INFO  main ClassUtility class com.sparrow.security.AppDaoTest init .....
2022-11-24 22:03:47.477 TRACE_ID INFO  main ClassUtility class com.sparrow.security.DiffReturnException init .....
2022-11-24 22:03:47.483 TRACE_ID INFO  main ClassUtility class com.sparrow.security.ForumDaoTest init .....
2022-11-24 22:03:47.484 TRACE_ID INFO  main ClassUtility class com.sparrow.security.ResourceDaoTest init .....
2022-11-24 22:03:47.485 TRACE_ID INFO  main ClassUtility class com.sparrow.security.BaseTest init .....
2022-11-24 22:03:47.485 TRACE_ID INFO  main ClassUtility class AppDaoImpl init .....
2022-11-24 22:03:47.489 TRACE_ID INFO  main ClassUtility class RoleDaoImpl init .....
2022-11-24 22:03:47.493 TRACE_ID INFO  main ClassUtility class PrivilegeDaoImpl init .....
2022-11-24 22:03:47.494 TRACE_ID INFO  main ClassUtility class UserGroupDaoImpl init .....
2022-11-24 22:03:47.497 TRACE_ID INFO  main ClassUtility class DepartmentDaoImpl init .....
2022-11-24 22:03:47.498 TRACE_ID INFO  main ClassUtility class GroupDaoImpl init .....
2022-11-24 22:03:47.501 TRACE_ID INFO  main ClassUtility class GroupRoleDaoImpl init .....
2022-11-24 22:03:47.502 TRACE_ID INFO  main ClassUtility class ResourceDaoImpl init .....
2022-11-24 22:03:47.503 TRACE_ID INFO  main ClassUtility class ForumDaoImpl init .....
2022-11-24 22:03:47.503 TRACE_ID INFO  main ClassUtility class GroupStrategyDaoImpl init .....
2022-11-24 22:03:47.506 TRACE_ID INFO  main ClassUtility class RoleStrategyDaoImpl init .....
2022-11-24 22:03:47.911 TRACE_ID INFO  main ClassUtility class DepartmentDAO init .....
2022-11-24 22:03:47.914 TRACE_ID INFO  main ClassUtility class GroupDAO init .....
2022-11-24 22:03:47.914 TRACE_ID INFO  main ClassUtility class UserGroupDAO init .....
2022-11-24 22:03:47.914 TRACE_ID INFO  main ClassUtility class ResourceDAO init .....
2022-11-24 22:03:47.914 TRACE_ID INFO  main ClassUtility class GroupRoleDAO init .....
2022-11-24 22:03:47.914 TRACE_ID INFO  main ClassUtility class PrivilegeDAO init .....
2022-11-24 22:03:47.914 TRACE_ID INFO  main ClassUtility class ForumDAO init .....
2022-11-24 22:03:47.914 TRACE_ID INFO  main ClassUtility class RoleDAO init .....
2022-11-24 22:03:47.914 TRACE_ID INFO  main ClassUtility class AppDAO init .....
2022-11-24 22:03:47.915 TRACE_ID INFO  main ClassUtility class RoleStrategyDAO init .....
2022-11-24 22:03:47.915 TRACE_ID INFO  main ClassUtility class com.sparrow.security.po.Role init .....
2022-11-24 22:03:47.917 TRACE_ID INFO  main ClassUtility class com.sparrow.security.po.UserGroup init .....
2022-11-24 22:03:47.918 TRACE_ID INFO  main ClassUtility class com.sparrow.security.po.UserRole init .....
2022-11-24 22:03:47.919 TRACE_ID INFO  main ClassUtility class com.sparrow.security.po.Department init .....
2022-11-24 22:03:47.919 TRACE_ID INFO  main ClassUtility class com.sparrow.security.po.Forum init .....
2022-11-24 22:03:47.920 TRACE_ID INFO  main ClassUtility class com.sparrow.security.po.Resource init .....
2022-11-24 22:03:47.920 TRACE_ID INFO  main ClassUtility class com.sparrow.security.po.Privilege init .....
2022-11-24 22:03:47.921 TRACE_ID INFO  main ClassUtility class com.sparrow.security.po.User init .....
2022-11-24 22:03:47.921 TRACE_ID INFO  main ClassUtility class com.sparrow.security.po.RoleApp init .....
2022-11-24 22:03:47.922 TRACE_ID INFO  main ClassUtility class com.sparrow.security.po.Group init .....
2022-11-24 22:03:47.922 TRACE_ID INFO  main ClassUtility class com.sparrow.security.po.App init .....
2022-11-24 22:03:47.923 TRACE_ID INFO  main ClassUtility class com.sparrow.security.po.GroupRole init .....
2022-11-24 22:03:47.923 TRACE_ID INFO  main ClassUtility class com.sparrow.security.po.RoleStrategy init .....
2022-11-24 22:03:48.055 TRACE_ID INFO  main DataSourceFactoryImpl password_key mysql_sparrow_password,password 11111111
2022-11-24 22:03:48.801 TRACE_ID INFO  main SparrowContainer -------------init initializer ...--------------------------
2022-11-24 22:03:48.805 TRACE_ID INFO  main SparrowContainer -----------------Ioc container init success...-------------------
2022-11-24 22:08:38.147 TRACE_ID INFO  main SparrowContainer ----------------- container init ....-------------------
2022-11-24 22:08:38.149 TRACE_ID INFO  main SparrowContainer -------------system config file init ...-------------------
2022-11-24 22:08:38.191 TRACE_ID INFO  main SparrowContainer -------------init bean ...---------------------------
2022-11-24 22:08:38.245 TRACE_ID INFO  main ClassUtility class com.sparrow.security.RoleDaoTest init .....
2022-11-24 22:08:38.277 TRACE_ID INFO  main ClassUtility class com.sparrow.security.AppDaoTest init .....
2022-11-24 22:08:38.278 TRACE_ID INFO  main ClassUtility class com.sparrow.security.DiffReturnException init .....
2022-11-24 22:08:38.366 TRACE_ID INFO  main ClassUtility class com.sparrow.security.ForumDaoTest init .....
2022-11-24 22:08:38.371 TRACE_ID INFO  main ClassUtility class com.sparrow.security.ResourceDaoTest init .....
2022-11-24 22:08:38.372 TRACE_ID INFO  main ClassUtility class com.sparrow.security.BaseTest init .....
2022-11-24 22:08:38.372 TRACE_ID INFO  main ClassUtility class AppDaoImpl init .....
2022-11-24 22:08:38.380 TRACE_ID INFO  main ClassUtility class RoleDaoImpl init .....
2022-11-24 22:08:38.381 TRACE_ID INFO  main ClassUtility class PrivilegeDaoImpl init .....
2022-11-24 22:08:38.394 TRACE_ID INFO  main ClassUtility class UserGroupDaoImpl init .....
2022-11-24 22:08:38.403 TRACE_ID INFO  main ClassUtility class DepartmentDaoImpl init .....
2022-11-24 22:08:38.405 TRACE_ID INFO  main ClassUtility class GroupDaoImpl init .....
2022-11-24 22:08:38.409 TRACE_ID INFO  main ClassUtility class GroupRoleDaoImpl init .....
2022-11-24 22:08:38.411 TRACE_ID INFO  main ClassUtility class ResourceDaoImpl init .....
2022-11-24 22:08:38.411 TRACE_ID INFO  main ClassUtility class ForumDaoImpl init .....
2022-11-24 22:08:38.412 TRACE_ID INFO  main ClassUtility class GroupStrategyDaoImpl init .....
2022-11-24 22:08:38.414 TRACE_ID INFO  main ClassUtility class RoleStrategyDaoImpl init .....
2022-11-24 22:08:39.210 TRACE_ID INFO  main ClassUtility class DepartmentDAO init .....
2022-11-24 22:08:39.215 TRACE_ID INFO  main ClassUtility class GroupDAO init .....
2022-11-24 22:08:39.215 TRACE_ID INFO  main ClassUtility class UserGroupDAO init .....
2022-11-24 22:08:39.215 TRACE_ID INFO  main ClassUtility class ResourceDAO init .....
2022-11-24 22:08:39.216 TRACE_ID INFO  main ClassUtility class GroupRoleDAO init .....
2022-11-24 22:08:39.216 TRACE_ID INFO  main ClassUtility class PrivilegeDAO init .....
2022-11-24 22:08:39.216 TRACE_ID INFO  main ClassUtility class ForumDAO init .....
2022-11-24 22:08:39.216 TRACE_ID INFO  main ClassUtility class RoleDAO init .....
2022-11-24 22:08:39.216 TRACE_ID INFO  main ClassUtility class AppDAO init .....
2022-11-24 22:08:39.216 TRACE_ID INFO  main ClassUtility class RoleStrategyDAO init .....
2022-11-24 22:08:39.216 TRACE_ID INFO  main ClassUtility class com.sparrow.security.po.Role init .....
2022-11-24 22:08:39.223 TRACE_ID INFO  main ClassUtility class com.sparrow.security.po.UserGroup init .....
2022-11-24 22:08:39.227 TRACE_ID INFO  main ClassUtility class com.sparrow.security.po.UserRole init .....
2022-11-24 22:08:39.229 TRACE_ID INFO  main ClassUtility class com.sparrow.security.po.Department init .....
2022-11-24 22:08:39.230 TRACE_ID INFO  main ClassUtility class com.sparrow.security.po.Forum init .....
2022-11-24 22:08:39.231 TRACE_ID INFO  main ClassUtility class com.sparrow.security.po.Resource init .....
2022-11-24 22:08:39.232 TRACE_ID INFO  main ClassUtility class com.sparrow.security.po.Privilege init .....
2022-11-24 22:08:39.232 TRACE_ID INFO  main ClassUtility class com.sparrow.security.po.User init .....
2022-11-24 22:08:39.233 TRACE_ID INFO  main ClassUtility class com.sparrow.security.po.RoleApp init .....
2022-11-24 22:08:39.234 TRACE_ID INFO  main ClassUtility class com.sparrow.security.po.Group init .....
2022-11-24 22:08:39.235 TRACE_ID INFO  main ClassUtility class com.sparrow.security.po.App init .....
2022-11-24 22:08:39.237 TRACE_ID INFO  main ClassUtility class com.sparrow.security.po.GroupRole init .....
2022-11-24 22:08:39.237 TRACE_ID INFO  main ClassUtility class com.sparrow.security.po.RoleStrategy init .....
2022-11-24 22:08:39.462 TRACE_ID INFO  main DataSourceFactoryImpl password_key mysql_sparrow_password,password 11111111
2022-11-24 22:08:40.245 TRACE_ID INFO  main SparrowContainer -------------init initializer ...--------------------------
2022-11-24 22:08:40.247 TRACE_ID INFO  main SparrowContainer -----------------Ioc container init success...-------------------
2022-11-24 22:09:27.801 TRACE_ID INFO  main SparrowContainer ----------------- container init ....-------------------
2022-11-24 22:09:27.803 TRACE_ID INFO  main SparrowContainer -------------system config file init ...-------------------
2022-11-24 22:09:27.816 TRACE_ID INFO  main SparrowContainer -------------init bean ...---------------------------
2022-11-24 22:09:27.865 TRACE_ID INFO  main ClassUtility class com.sparrow.security.RoleDaoTest init .....
2022-11-24 22:09:27.869 TRACE_ID INFO  main ClassUtility class com.sparrow.security.AppDaoTest init .....
2022-11-24 22:09:27.869 TRACE_ID INFO  main ClassUtility class com.sparrow.security.DiffReturnException init .....
2022-11-24 22:09:27.872 TRACE_ID INFO  main ClassUtility class com.sparrow.security.ForumDaoTest init .....
2022-11-24 22:09:27.873 TRACE_ID INFO  main ClassUtility class com.sparrow.security.ResourceDaoTest init .....
2022-11-24 22:09:27.877 TRACE_ID INFO  main ClassUtility class com.sparrow.security.BaseTest init .....
2022-11-24 22:09:27.877 TRACE_ID INFO  main ClassUtility class AppDaoImpl init .....
2022-11-24 22:09:27.881 TRACE_ID INFO  main ClassUtility class RoleDaoImpl init .....
2022-11-24 22:09:27.887 TRACE_ID INFO  main ClassUtility class PrivilegeDaoImpl init .....
2022-11-24 22:09:27.888 TRACE_ID INFO  main ClassUtility class UserGroupDaoImpl init .....
2022-11-24 22:09:27.889 TRACE_ID INFO  main ClassUtility class DepartmentDaoImpl init .....
2022-11-24 22:09:27.890 TRACE_ID INFO  main ClassUtility class GroupDaoImpl init .....
2022-11-24 22:09:27.891 TRACE_ID INFO  main ClassUtility class GroupRoleDaoImpl init .....
2022-11-24 22:09:27.892 TRACE_ID INFO  main ClassUtility class ResourceDaoImpl init .....
2022-11-24 22:09:27.893 TRACE_ID INFO  main ClassUtility class ForumDaoImpl init .....
2022-11-24 22:09:27.898 TRACE_ID INFO  main ClassUtility class GroupStrategyDaoImpl init .....
2022-11-24 22:09:27.900 TRACE_ID INFO  main ClassUtility class RoleStrategyDaoImpl init .....
2022-11-24 22:09:28.236 TRACE_ID INFO  main ClassUtility class DepartmentDAO init .....
2022-11-24 22:09:28.239 TRACE_ID INFO  main ClassUtility class GroupDAO init .....
2022-11-24 22:09:28.239 TRACE_ID INFO  main ClassUtility class UserGroupDAO init .....
2022-11-24 22:09:28.239 TRACE_ID INFO  main ClassUtility class ResourceDAO init .....
2022-11-24 22:09:28.240 TRACE_ID INFO  main ClassUtility class GroupRoleDAO init .....
2022-11-24 22:09:28.242 TRACE_ID INFO  main ClassUtility class PrivilegeDAO init .....
2022-11-24 22:09:28.242 TRACE_ID INFO  main ClassUtility class ForumDAO init .....
2022-11-24 22:09:28.242 TRACE_ID INFO  main ClassUtility class RoleDAO init .....
2022-11-24 22:09:28.242 TRACE_ID INFO  main ClassUtility class AppDAO init .....
2022-11-24 22:09:28.242 TRACE_ID INFO  main ClassUtility class RoleStrategyDAO init .....
2022-11-24 22:09:28.242 TRACE_ID INFO  main ClassUtility class com.sparrow.security.po.Role init .....
2022-11-24 22:09:28.245 TRACE_ID INFO  main ClassUtility class com.sparrow.security.po.UserGroup init .....
2022-11-24 22:09:28.247 TRACE_ID INFO  main ClassUtility class com.sparrow.security.po.UserRole init .....
2022-11-24 22:09:28.247 TRACE_ID INFO  main ClassUtility class com.sparrow.security.po.Department init .....
2022-11-24 22:09:28.248 TRACE_ID INFO  main ClassUtility class com.sparrow.security.po.Forum init .....
2022-11-24 22:09:28.248 TRACE_ID INFO  main ClassUtility class com.sparrow.security.po.Resource init .....
2022-11-24 22:09:28.249 TRACE_ID INFO  main ClassUtility class com.sparrow.security.po.Privilege init .....
2022-11-24 22:09:28.249 TRACE_ID INFO  main ClassUtility class com.sparrow.security.po.User init .....
2022-11-24 22:09:28.250 TRACE_ID INFO  main ClassUtility class com.sparrow.security.po.RoleApp init .....
2022-11-24 22:09:28.250 TRACE_ID INFO  main ClassUtility class com.sparrow.security.po.Group init .....
2022-11-24 22:09:28.250 TRACE_ID INFO  main ClassUtility class com.sparrow.security.po.App init .....
2022-11-24 22:09:28.251 TRACE_ID INFO  main ClassUtility class com.sparrow.security.po.GroupRole init .....
2022-11-24 22:09:28.251 TRACE_ID INFO  main ClassUtility class com.sparrow.security.po.RoleStrategy init .....
2022-11-24 22:09:28.382 TRACE_ID INFO  main DataSourceFactoryImpl password_key mysql_sparrow_password,password 11111111
2022-11-24 22:09:29.024 TRACE_ID INFO  main SparrowContainer -------------init initializer ...--------------------------
2022-11-24 22:09:29.026 TRACE_ID INFO  main SparrowContainer -----------------Ioc container init success...-------------------
2022-11-28 21:44:50.734 TRACE_ID INFO  main SparrowContainer ----------------- container init ....-------------------
2022-11-28 21:44:50.741 TRACE_ID INFO  main SparrowContainer -------------system config file init ...-------------------
2022-11-28 21:44:50.752 TRACE_ID INFO  main SparrowContainer -------------init bean ...---------------------------
2022-11-28 21:44:50.976 TRACE_ID INFO  main ClassUtility class com.sparrow.security.RoleDaoTest init .....
2022-11-28 21:44:50.995 TRACE_ID INFO  main ClassUtility class com.sparrow.security.AppDaoTest init .....
2022-11-28 21:44:51.025 TRACE_ID INFO  main ClassUtility class com.sparrow.security.DiffReturnException init .....
2022-11-28 21:44:51.048 TRACE_ID INFO  main ClassUtility class com.sparrow.security.ForumDaoTest init .....
2022-11-28 21:44:51.050 TRACE_ID INFO  main ClassUtility class com.sparrow.security.ResourceDaoTest init .....
2022-11-28 21:44:51.050 TRACE_ID INFO  main ClassUtility class com.sparrow.security.BaseTest init .....
2022-11-28 21:44:51.051 TRACE_ID INFO  main ClassUtility class AppDaoImpl init .....
2022-11-28 21:44:51.069 TRACE_ID INFO  main ClassUtility class RoleDaoImpl init .....
2022-11-28 21:44:51.075 TRACE_ID INFO  main ClassUtility class PrivilegeDaoImpl init .....
2022-11-28 21:44:51.076 TRACE_ID INFO  main ClassUtility class UserGroupDaoImpl init .....
2022-11-28 21:44:51.079 TRACE_ID INFO  main ClassUtility class DepartmentDaoImpl init .....
2022-11-28 21:44:51.081 TRACE_ID INFO  main ClassUtility class GroupDaoImpl init .....
2022-11-28 21:44:51.083 TRACE_ID INFO  main ClassUtility class GroupRoleDaoImpl init .....
2022-11-28 21:44:51.084 TRACE_ID INFO  main ClassUtility class ResourceDaoImpl init .....
2022-11-28 21:44:51.085 TRACE_ID INFO  main ClassUtility class ForumDaoImpl init .....
2022-11-28 21:44:51.088 TRACE_ID INFO  main ClassUtility class GroupStrategyDaoImpl init .....
2022-11-28 21:44:51.127 TRACE_ID INFO  main ClassUtility class RoleStrategyDaoImpl init .....
2022-11-28 21:44:52.590 TRACE_ID INFO  main ClassUtility class DepartmentDAO init .....
2022-11-28 21:44:52.602 TRACE_ID INFO  main ClassUtility class GroupDAO init .....
2022-11-28 21:44:52.603 TRACE_ID INFO  main ClassUtility class UserGroupDAO init .....
2022-11-28 21:44:52.603 TRACE_ID INFO  main ClassUtility class ResourceDAO init .....
2022-11-28 21:44:52.603 TRACE_ID INFO  main ClassUtility class GroupRoleDAO init .....
2022-11-28 21:44:52.604 TRACE_ID INFO  main ClassUtility class PrivilegeDAO init .....
2022-11-28 21:44:52.605 TRACE_ID INFO  main ClassUtility class ForumDAO init .....
2022-11-28 21:44:52.605 TRACE_ID INFO  main ClassUtility class RoleDAO init .....
2022-11-28 21:44:52.605 TRACE_ID INFO  main ClassUtility class AppDAO init .....
2022-11-28 21:44:52.605 TRACE_ID INFO  main ClassUtility class CountGroupQuery init .....
2022-11-28 21:44:52.605 TRACE_ID INFO  main ClassUtility class ResourceDBQuery init .....
2022-11-28 21:44:52.621 TRACE_ID INFO  main ClassUtility class PagerGroupQuery init .....
2022-11-28 21:44:52.623 TRACE_ID INFO  main ClassUtility class RoleStrategyDAO init .....
2022-11-28 21:44:52.624 TRACE_ID INFO  main ClassUtility class com.sparrow.security.po.Role init .....
2022-11-28 21:44:52.630 TRACE_ID INFO  main ClassUtility class com.sparrow.security.po.UserGroup init .....
2022-11-28 21:44:52.630 TRACE_ID INFO  main ClassUtility class com.sparrow.security.po.UserRole init .....
2022-11-28 21:44:52.633 TRACE_ID INFO  main ClassUtility class com.sparrow.security.po.Department init .....
2022-11-28 21:44:52.634 TRACE_ID INFO  main ClassUtility class com.sparrow.security.po.Forum init .....
2022-11-28 21:44:52.634 TRACE_ID INFO  main ClassUtility class com.sparrow.security.po.Resource init .....
2022-11-28 21:44:52.635 TRACE_ID INFO  main ClassUtility class com.sparrow.security.po.Privilege init .....
2022-11-28 21:44:52.635 TRACE_ID INFO  main ClassUtility class com.sparrow.security.po.User init .....
2022-11-28 21:44:52.636 TRACE_ID INFO  main ClassUtility class com.sparrow.security.po.RoleApp init .....
2022-11-28 21:44:52.636 TRACE_ID INFO  main ClassUtility class com.sparrow.security.po.Group init .....
2022-11-28 21:44:52.636 TRACE_ID INFO  main ClassUtility class com.sparrow.security.po.App init .....
2022-11-28 21:44:52.637 TRACE_ID INFO  main ClassUtility class com.sparrow.security.po.GroupRole init .....
2022-11-28 21:44:52.637 TRACE_ID INFO  main ClassUtility class com.sparrow.security.po.RoleStrategy init .....
2022-11-28 21:44:53.126 TRACE_ID INFO  main DataSourceFactoryImpl password_key mysql_sparrow_password,password 11111111
2022-11-28 21:44:54.316 TRACE_ID INFO  main SparrowContainer -------------init initializer ...--------------------------
2022-11-28 21:44:54.323 TRACE_ID INFO  main SparrowContainer -----------------Ioc container init success...-------------------
2022-12-01 23:47:16.787 TRACE_ID INFO  main SparrowContainer ----------------- container init ....-------------------
2022-12-01 23:47:16.794 TRACE_ID INFO  main SparrowContainer -------------system config file init ...-------------------
2022-12-01 23:47:16.802 TRACE_ID INFO  main SparrowContainer -------------init bean ...---------------------------
2022-12-01 23:47:16.838 TRACE_ID INFO  main ClassUtility class com.sparrow.security.RoleDaoTest init .....
2022-12-01 23:47:16.839 TRACE_ID INFO  main ClassUtility class com.sparrow.security.AppDaoTest init .....
2022-12-01 23:47:16.842 TRACE_ID INFO  main ClassUtility class com.sparrow.security.DiffReturnException init .....
2022-12-01 23:47:16.846 TRACE_ID INFO  main ClassUtility class com.sparrow.security.ForumDaoTest init .....
2022-12-01 23:47:16.847 TRACE_ID INFO  main ClassUtility class com.sparrow.security.ResourceDaoTest init .....
2022-12-01 23:47:16.847 TRACE_ID INFO  main ClassUtility class com.sparrow.security.BaseTest init .....
2022-12-01 23:47:16.847 TRACE_ID INFO  main ClassUtility class AppDaoImpl init .....
2022-12-01 23:47:16.852 TRACE_ID INFO  main ClassUtility class RoleDaoImpl init .....
2022-12-01 23:47:16.856 TRACE_ID INFO  main ClassUtility class PrivilegeDaoImpl init .....
2022-12-01 23:47:16.856 TRACE_ID INFO  main ClassUtility class UserGroupDaoImpl init .....
2022-12-01 23:47:16.857 TRACE_ID INFO  main ClassUtility class DepartmentDaoImpl init .....
2022-12-01 23:47:16.857 TRACE_ID INFO  main ClassUtility class GroupDaoImpl init .....
2022-12-01 23:47:16.859 TRACE_ID INFO  main ClassUtility class GroupRoleDaoImpl init .....
2022-12-01 23:47:16.860 TRACE_ID INFO  main ClassUtility class ResourceDaoImpl init .....
2022-12-01 23:47:16.864 TRACE_ID INFO  main ClassUtility class ForumDaoImpl init .....
2022-12-01 23:47:16.866 TRACE_ID INFO  main ClassUtility class GroupStrategyDaoImpl init .....
2022-12-01 23:47:16.867 TRACE_ID INFO  main ClassUtility class RoleStrategyDaoImpl init .....
2022-12-01 23:47:17.177 TRACE_ID INFO  main ClassUtility class DepartmentDAO init .....
2022-12-01 23:47:17.179 TRACE_ID INFO  main ClassUtility class GroupDAO init .....
2022-12-01 23:47:17.179 TRACE_ID INFO  main ClassUtility class UserGroupDAO init .....
2022-12-01 23:47:17.180 TRACE_ID INFO  main ClassUtility class ResourceDAO init .....
2022-12-01 23:47:17.180 TRACE_ID INFO  main ClassUtility class GroupRoleDAO init .....
2022-12-01 23:47:17.180 TRACE_ID INFO  main ClassUtility class PrivilegeDAO init .....
2022-12-01 23:47:17.180 TRACE_ID INFO  main ClassUtility class ForumDAO init .....
2022-12-01 23:47:17.180 TRACE_ID INFO  main ClassUtility class RoleDAO init .....
2022-12-01 23:47:17.181 TRACE_ID INFO  main ClassUtility class AppDAO init .....
2022-12-01 23:47:17.182 TRACE_ID INFO  main ClassUtility class PagerRoleQuery init .....
2022-12-01 23:47:17.182 TRACE_ID INFO  main ClassUtility class CountRoleQuery init .....
2022-12-01 23:47:17.182 TRACE_ID INFO  main ClassUtility class CountGroupQuery init .....
2022-12-01 23:47:17.182 TRACE_ID INFO  main ClassUtility class ResourceDBQuery init .....
2022-12-01 23:47:17.183 TRACE_ID INFO  main ClassUtility class PagerGroupQuery init .....
2022-12-01 23:47:17.183 TRACE_ID INFO  main ClassUtility class RoleStrategyDAO init .....
2022-12-01 23:47:17.183 TRACE_ID INFO  main ClassUtility class com.sparrow.security.po.Role init .....
2022-12-01 23:47:17.184 TRACE_ID INFO  main ClassUtility class com.sparrow.security.po.UserGroup init .....
2022-12-01 23:47:17.184 TRACE_ID INFO  main ClassUtility class com.sparrow.security.po.UserRole init .....
2022-12-01 23:47:17.185 TRACE_ID INFO  main ClassUtility class com.sparrow.security.po.Department init .....
2022-12-01 23:47:17.185 TRACE_ID INFO  main ClassUtility class com.sparrow.security.po.Forum init .....
2022-12-01 23:47:17.186 TRACE_ID INFO  main ClassUtility class com.sparrow.security.po.Resource init .....
2022-12-01 23:47:17.186 TRACE_ID INFO  main ClassUtility class com.sparrow.security.po.Privilege init .....
2022-12-01 23:47:17.187 TRACE_ID INFO  main ClassUtility class com.sparrow.security.po.User init .....
2022-12-01 23:47:17.187 TRACE_ID INFO  main ClassUtility class com.sparrow.security.po.RoleApp init .....
2022-12-01 23:47:17.188 TRACE_ID INFO  main ClassUtility class com.sparrow.security.po.Group init .....
2022-12-01 23:47:17.188 TRACE_ID INFO  main ClassUtility class com.sparrow.security.po.App init .....
2022-12-01 23:47:17.188 TRACE_ID INFO  main ClassUtility class com.sparrow.security.po.GroupRole init .....
2022-12-01 23:47:17.189 TRACE_ID INFO  main ClassUtility class com.sparrow.security.po.RoleStrategy init .....
2022-12-01 23:47:17.385 TRACE_ID INFO  main DataSourceFactoryImpl password_key mysql_sparrow_password,password 11111111
2022-12-01 23:47:18.044 TRACE_ID INFO  main SparrowContainer -------------init initializer ...--------------------------
2022-12-01 23:47:18.053 TRACE_ID INFO  main SparrowContainer -----------------Ioc container init success...-------------------
2022-12-01 23:47:41.642 TRACE_ID INFO  main SparrowContainer ----------------- container init ....-------------------
2022-12-01 23:47:41.645 TRACE_ID INFO  main SparrowContainer -------------system config file init ...-------------------
2022-12-01 23:47:41.657 TRACE_ID INFO  main SparrowContainer -------------init bean ...---------------------------
2022-12-01 23:47:41.725 TRACE_ID INFO  main ClassUtility class com.sparrow.security.RoleDaoTest init .....
2022-12-01 23:47:41.725 TRACE_ID INFO  main ClassUtility class com.sparrow.security.AppDaoTest init .....
2022-12-01 23:47:41.741 TRACE_ID INFO  main ClassUtility class com.sparrow.security.DiffReturnException init .....
2022-12-01 23:47:41.756 TRACE_ID INFO  main ClassUtility class com.sparrow.security.ForumDaoTest init .....
2022-12-01 23:47:41.758 TRACE_ID INFO  main ClassUtility class com.sparrow.security.ResourceDaoTest init .....
2022-12-01 23:47:41.771 TRACE_ID INFO  main ClassUtility class com.sparrow.security.BaseTest init .....
2022-12-01 23:47:41.773 TRACE_ID INFO  main ClassUtility class AppDaoImpl init .....
2022-12-01 23:47:41.780 TRACE_ID INFO  main ClassUtility class RoleDaoImpl init .....
2022-12-01 23:47:41.784 TRACE_ID INFO  main ClassUtility class PrivilegeDaoImpl init .....
2022-12-01 23:47:41.786 TRACE_ID INFO  main ClassUtility class UserGroupDaoImpl init .....
2022-12-01 23:47:41.789 TRACE_ID INFO  main ClassUtility class DepartmentDaoImpl init .....
2022-12-01 23:47:41.791 TRACE_ID INFO  main ClassUtility class GroupDaoImpl init .....
2022-12-01 23:47:41.793 TRACE_ID INFO  main ClassUtility class GroupRoleDaoImpl init .....
2022-12-01 23:47:41.795 TRACE_ID INFO  main ClassUtility class ResourceDaoImpl init .....
2022-12-01 23:47:41.797 TRACE_ID INFO  main ClassUtility class ForumDaoImpl init .....
2022-12-01 23:47:41.800 TRACE_ID INFO  main ClassUtility class GroupStrategyDaoImpl init .....
2022-12-01 23:47:41.801 TRACE_ID INFO  main ClassUtility class RoleStrategyDaoImpl init .....
2022-12-01 23:47:42.234 TRACE_ID INFO  main ClassUtility class DepartmentDAO init .....
2022-12-01 23:47:42.237 TRACE_ID INFO  main ClassUtility class GroupDAO init .....
2022-12-01 23:47:42.237 TRACE_ID INFO  main ClassUtility class UserGroupDAO init .....
2022-12-01 23:47:42.237 TRACE_ID INFO  main ClassUtility class ResourceDAO init .....
2022-12-01 23:47:42.237 TRACE_ID INFO  main ClassUtility class GroupRoleDAO init .....
2022-12-01 23:47:42.239 TRACE_ID INFO  main ClassUtility class PrivilegeDAO init .....
2022-12-01 23:47:42.240 TRACE_ID INFO  main ClassUtility class ForumDAO init .....
2022-12-01 23:47:42.240 TRACE_ID INFO  main ClassUtility class RoleDAO init .....
2022-12-01 23:47:42.240 TRACE_ID INFO  main ClassUtility class AppDAO init .....
2022-12-01 23:47:42.240 TRACE_ID INFO  main ClassUtility class PagerRoleQuery init .....
2022-12-01 23:47:42.240 TRACE_ID INFO  main ClassUtility class CountRoleQuery init .....
2022-12-01 23:47:42.240 TRACE_ID INFO  main ClassUtility class CountGroupQuery init .....
2022-12-01 23:47:42.240 TRACE_ID INFO  main ClassUtility class ResourceDBQuery init .....
2022-12-01 23:47:42.243 TRACE_ID INFO  main ClassUtility class PagerGroupQuery init .....
2022-12-01 23:47:42.243 TRACE_ID INFO  main ClassUtility class RoleStrategyDAO init .....
2022-12-01 23:47:42.244 TRACE_ID INFO  main ClassUtility class com.sparrow.security.po.Role init .....
2022-12-01 23:47:42.246 TRACE_ID INFO  main ClassUtility class com.sparrow.security.po.UserGroup init .....
2022-12-01 23:47:42.257 TRACE_ID INFO  main ClassUtility class com.sparrow.security.po.UserRole init .....
2022-12-01 23:47:42.258 TRACE_ID INFO  main ClassUtility class com.sparrow.security.po.Department init .....
2022-12-01 23:47:42.260 TRACE_ID INFO  main ClassUtility class com.sparrow.security.po.Forum init .....
2022-12-01 23:47:42.261 TRACE_ID INFO  main ClassUtility class com.sparrow.security.po.Resource init .....
2022-12-01 23:47:42.263 TRACE_ID INFO  main ClassUtility class com.sparrow.security.po.Privilege init .....
2022-12-01 23:47:42.265 TRACE_ID INFO  main ClassUtility class com.sparrow.security.po.User init .....
2022-12-01 23:47:42.267 TRACE_ID INFO  main ClassUtility class com.sparrow.security.po.RoleApp init .....
2022-12-01 23:47:42.269 TRACE_ID INFO  main ClassUtility class com.sparrow.security.po.Group init .....
2022-12-01 23:47:42.270 TRACE_ID INFO  main ClassUtility class com.sparrow.security.po.App init .....
2022-12-01 23:47:42.271 TRACE_ID INFO  main ClassUtility class com.sparrow.security.po.GroupRole init .....
2022-12-01 23:47:42.272 TRACE_ID INFO  main ClassUtility class com.sparrow.security.po.RoleStrategy init .....
2022-12-01 23:47:42.427 TRACE_ID INFO  main DataSourceFactoryImpl password_key mysql_sparrow_password,password 11111111
2022-12-01 23:47:43.130 TRACE_ID INFO  main SparrowContainer -------------init initializer ...--------------------------
2022-12-01 23:47:43.132 TRACE_ID INFO  main SparrowContainer -----------------Ioc container init success...-------------------
2022-12-01 23:49:29.710 TRACE_ID INFO  main SparrowContainer ----------------- container init ....-------------------
2022-12-01 23:49:29.723 TRACE_ID INFO  main SparrowContainer -------------system config file init ...-------------------
2022-12-01 23:49:29.735 TRACE_ID INFO  main SparrowContainer -------------init bean ...---------------------------
2022-12-01 23:49:29.837 TRACE_ID INFO  main ClassUtility class com.sparrow.security.RoleDaoTest init .....
2022-12-01 23:49:29.838 TRACE_ID INFO  main ClassUtility class com.sparrow.security.AppDaoTest init .....
2022-12-01 23:49:29.852 TRACE_ID INFO  main ClassUtility class com.sparrow.security.DiffReturnException init .....
2022-12-01 23:49:29.857 TRACE_ID INFO  main ClassUtility class com.sparrow.security.ForumDaoTest init .....
2022-12-01 23:49:29.858 TRACE_ID INFO  main ClassUtility class com.sparrow.security.ResourceDaoTest init .....
2022-12-01 23:49:29.865 TRACE_ID INFO  main ClassUtility class com.sparrow.security.BaseTest init .....
2022-12-01 23:49:29.867 TRACE_ID INFO  main ClassUtility class AppDaoImpl init .....
2022-12-01 23:49:29.876 TRACE_ID INFO  main ClassUtility class RoleDaoImpl init .....
2022-12-01 23:49:29.878 TRACE_ID INFO  main ClassUtility class PrivilegeDaoImpl init .....
2022-12-01 23:49:29.880 TRACE_ID INFO  main ClassUtility class UserGroupDaoImpl init .....
2022-12-01 23:49:29.881 TRACE_ID INFO  main ClassUtility class DepartmentDaoImpl init .....
2022-12-01 23:49:29.882 TRACE_ID INFO  main ClassUtility class GroupDaoImpl init .....
2022-12-01 23:49:29.885 TRACE_ID INFO  main ClassUtility class GroupRoleDaoImpl init .....
2022-12-01 23:49:29.886 TRACE_ID INFO  main ClassUtility class ResourceDaoImpl init .....
2022-12-01 23:49:29.887 TRACE_ID INFO  main ClassUtility class ForumDaoImpl init .....
2022-12-01 23:49:29.888 TRACE_ID INFO  main ClassUtility class GroupStrategyDaoImpl init .....
2022-12-01 23:49:29.899 TRACE_ID INFO  main ClassUtility class RoleStrategyDaoImpl init .....
2022-12-01 23:49:30.315 TRACE_ID INFO  main ClassUtility class DepartmentDAO init .....
2022-12-01 23:49:30.317 TRACE_ID INFO  main ClassUtility class GroupDAO init .....
2022-12-01 23:49:30.317 TRACE_ID INFO  main ClassUtility class UserGroupDAO init .....
2022-12-01 23:49:30.317 TRACE_ID INFO  main ClassUtility class ResourceDAO init .....
2022-12-01 23:49:30.317 TRACE_ID INFO  main ClassUtility class GroupRoleDAO init .....
2022-12-01 23:49:30.318 TRACE_ID INFO  main ClassUtility class PrivilegeDAO init .....
2022-12-01 23:49:30.319 TRACE_ID INFO  main ClassUtility class ForumDAO init .....
2022-12-01 23:49:30.319 TRACE_ID INFO  main ClassUtility class RoleDAO init .....
2022-12-01 23:49:30.319 TRACE_ID INFO  main ClassUtility class AppDAO init .....
2022-12-01 23:49:30.319 TRACE_ID INFO  main ClassUtility class PagerRoleQuery init .....
2022-12-01 23:49:30.320 TRACE_ID INFO  main ClassUtility class CountRoleQuery init .....
2022-12-01 23:49:30.321 TRACE_ID INFO  main ClassUtility class CountGroupQuery init .....
2022-12-01 23:49:30.321 TRACE_ID INFO  main ClassUtility class ResourceDBQuery init .....
2022-12-01 23:49:30.322 TRACE_ID INFO  main ClassUtility class PagerGroupQuery init .....
2022-12-01 23:49:30.322 TRACE_ID INFO  main ClassUtility class RoleStrategyDAO init .....
2022-12-01 23:49:30.322 TRACE_ID INFO  main ClassUtility class com.sparrow.security.po.Role init .....
2022-12-01 23:49:30.323 TRACE_ID INFO  main ClassUtility class com.sparrow.security.po.UserGroup init .....
2022-12-01 23:49:30.324 TRACE_ID INFO  main ClassUtility class com.sparrow.security.po.UserRole init .....
2022-12-01 23:49:30.325 TRACE_ID INFO  main ClassUtility class com.sparrow.security.po.Department init .....
2022-12-01 23:49:30.327 TRACE_ID INFO  main ClassUtility class com.sparrow.security.po.Forum init .....
2022-12-01 23:49:30.329 TRACE_ID INFO  main ClassUtility class com.sparrow.security.po.Resource init .....
2022-12-01 23:49:30.330 TRACE_ID INFO  main ClassUtility class com.sparrow.security.po.Privilege init .....
2022-12-01 23:49:30.331 TRACE_ID INFO  main ClassUtility class com.sparrow.security.po.User init .....
2022-12-01 23:49:30.332 TRACE_ID INFO  main ClassUtility class com.sparrow.security.po.RoleApp init .....
2022-12-01 23:49:30.333 TRACE_ID INFO  main ClassUtility class com.sparrow.security.po.Group init .....
2022-12-01 23:49:30.333 TRACE_ID INFO  main ClassUtility class com.sparrow.security.po.App init .....
2022-12-01 23:49:30.334 TRACE_ID INFO  main ClassUtility class com.sparrow.security.po.GroupRole init .....
2022-12-01 23:49:30.335 TRACE_ID INFO  main ClassUtility class com.sparrow.security.po.RoleStrategy init .....
2022-12-01 23:49:30.482 TRACE_ID INFO  main DataSourceFactoryImpl password_key mysql_sparrow_password,password 11111111
2022-12-01 23:49:31.151 TRACE_ID INFO  main SparrowContainer -------------init initializer ...--------------------------
2022-12-01 23:49:31.155 TRACE_ID INFO  main SparrowContainer -----------------Ioc container init success...-------------------
2022-12-02 23:19:22.949 TRACE_ID INFO  main SparrowContainer ----------------- container init ....-------------------
2022-12-02 23:19:22.954 TRACE_ID INFO  main SparrowContainer -------------system config file init ...-------------------
2022-12-02 23:19:22.963 TRACE_ID INFO  main SparrowContainer -------------init bean ...---------------------------
2022-12-02 23:19:23.021 TRACE_ID INFO  main ClassUtility class com.sparrow.security.RoleDaoTest init .....
2022-12-02 23:19:23.028 TRACE_ID INFO  main ClassUtility class com.sparrow.security.AppDaoTest init .....
2022-12-02 23:19:23.033 TRACE_ID INFO  main ClassUtility class com.sparrow.security.DiffReturnException init .....
2022-12-02 23:19:23.037 TRACE_ID INFO  main ClassUtility class com.sparrow.security.ForumDaoTest init .....
2022-12-02 23:19:23.037 TRACE_ID INFO  main ClassUtility class com.sparrow.security.ResourceDaoTest init .....
2022-12-02 23:19:23.042 TRACE_ID INFO  main ClassUtility class com.sparrow.security.BaseTest init .....
2022-12-02 23:19:23.043 TRACE_ID INFO  main ClassUtility class com.sparrow.security.admin.dao.sparrow.AppDaoImpl init .....
2022-12-02 23:19:23.052 TRACE_ID INFO  main ClassUtility class com.sparrow.security.admin.dao.sparrow.RoleDaoImpl init .....
2022-12-02 23:19:23.056 TRACE_ID INFO  main ClassUtility class com.sparrow.security.admin.dao.sparrow.PrivilegeDaoImpl init .....
2022-12-02 23:19:23.057 TRACE_ID INFO  main ClassUtility class com.sparrow.security.admin.dao.sparrow.UserGroupDaoImpl init .....
2022-12-02 23:19:23.058 TRACE_ID INFO  main ClassUtility class com.sparrow.security.admin.dao.sparrow.DepartmentDaoImpl init .....
2022-12-02 23:19:23.058 TRACE_ID INFO  main ClassUtility class com.sparrow.security.admin.dao.sparrow.GroupDaoImpl init .....
2022-12-02 23:19:23.061 TRACE_ID INFO  main ClassUtility class com.sparrow.security.admin.dao.sparrow.GroupRoleDaoImpl init .....
2022-12-02 23:19:23.062 TRACE_ID INFO  main ClassUtility class com.sparrow.security.admin.dao.sparrow.ResourceDaoImpl init .....
2022-12-02 23:19:23.063 TRACE_ID INFO  main ClassUtility class com.sparrow.security.admin.dao.sparrow.ForumDaoImpl init .....
2022-12-02 23:19:23.067 TRACE_ID INFO  main ClassUtility class com.sparrow.security.admin.dao.sparrow.GroupStrategyDaoImpl init .....
2022-12-02 23:19:23.072 TRACE_ID INFO  main ClassUtility class com.sparrow.security.admin.dao.sparrow.RoleStrategyDaoImpl init .....
2022-12-02 23:19:23.493 TRACE_ID INFO  main ClassUtility class com.sparrow.security.admin.dao.DepartmentDAO init .....
2022-12-02 23:19:23.494 TRACE_ID INFO  main ClassUtility class com.sparrow.security.admin.dao.GroupDAO init .....
2022-12-02 23:19:23.494 TRACE_ID INFO  main ClassUtility class com.sparrow.security.admin.dao.UserGroupDAO init .....
2022-12-02 23:19:23.495 TRACE_ID INFO  main ClassUtility class com.sparrow.security.admin.dao.ResourceDAO init .....
2022-12-02 23:19:23.495 TRACE_ID INFO  main ClassUtility class com.sparrow.security.admin.dao.GroupRoleDAO init .....
2022-12-02 23:19:23.497 TRACE_ID INFO  main ClassUtility class com.sparrow.security.admin.dao.PrivilegeDAO init .....
2022-12-02 23:19:23.497 TRACE_ID INFO  main ClassUtility class com.sparrow.security.admin.dao.ForumDAO init .....
2022-12-02 23:19:23.497 TRACE_ID INFO  main ClassUtility class com.sparrow.security.admin.dao.RoleDAO init .....
2022-12-02 23:19:23.498 TRACE_ID INFO  main ClassUtility class com.sparrow.security.admin.dao.AppDAO init .....
2022-12-02 23:19:23.501 TRACE_ID INFO  main ClassUtility class com.sparrow.security.admin.dao.query.role.PagerRoleQuery init .....
2022-12-02 23:19:23.503 TRACE_ID INFO  main ClassUtility class com.sparrow.security.admin.dao.query.role.CountRoleQuery init .....
2022-12-02 23:19:23.504 TRACE_ID INFO  main ClassUtility class com.sparrow.security.admin.dao.query.group.CountGroupQuery init .....
2022-12-02 23:19:23.504 TRACE_ID INFO  main ClassUtility class com.sparrow.security.admin.dao.query.group.PagerGroupQuery init .....
2022-12-02 23:19:23.504 TRACE_ID INFO  main ClassUtility class com.sparrow.security.admin.dao.query.ResourceDBQuery init .....
2022-12-02 23:19:23.507 TRACE_ID INFO  main ClassUtility class com.sparrow.security.admin.dao.query.forum.PagerForumQuery init .....
2022-12-02 23:19:23.507 TRACE_ID INFO  main ClassUtility class com.sparrow.security.admin.dao.query.forum.CountForumQuery init .....
2022-12-02 23:19:23.507 TRACE_ID INFO  main ClassUtility class com.sparrow.security.admin.dao.RoleStrategyDAO init .....
2022-12-02 23:19:23.508 TRACE_ID INFO  main ClassUtility class com.sparrow.security.po.Role init .....
2022-12-02 23:19:23.510 TRACE_ID INFO  main ClassUtility class com.sparrow.security.po.UserGroup init .....
2022-12-02 23:19:23.512 TRACE_ID INFO  main ClassUtility class com.sparrow.security.po.UserRole init .....
2022-12-02 23:19:23.513 TRACE_ID INFO  main ClassUtility class com.sparrow.security.po.Department init .....
2022-12-02 23:19:23.514 TRACE_ID INFO  main ClassUtility class com.sparrow.security.po.Forum init .....
2022-12-02 23:19:23.517 TRACE_ID INFO  main ClassUtility class com.sparrow.security.po.Resource init .....
2022-12-02 23:19:23.517 TRACE_ID INFO  main ClassUtility class com.sparrow.security.po.Privilege init .....
2022-12-02 23:19:23.518 TRACE_ID INFO  main ClassUtility class com.sparrow.security.po.User init .....
2022-12-02 23:19:23.519 TRACE_ID INFO  main ClassUtility class com.sparrow.security.po.RoleApp init .....
2022-12-02 23:19:23.519 TRACE_ID INFO  main ClassUtility class com.sparrow.security.po.Group init .....
2022-12-02 23:19:23.520 TRACE_ID INFO  main ClassUtility class com.sparrow.security.po.App init .....
2022-12-02 23:19:23.521 TRACE_ID INFO  main ClassUtility class com.sparrow.security.po.GroupRole init .....
2022-12-02 23:19:23.523 TRACE_ID INFO  main ClassUtility class com.sparrow.security.po.RoleStrategy init .....
2022-12-02 23:19:23.732 TRACE_ID INFO  main DataSourceFactoryImpl password_key mysql_sparrow_password,password 11111111
2022-12-02 23:19:24.451 TRACE_ID INFO  main SparrowContainer -------------init initializer ...--------------------------
2022-12-02 23:19:24.455 TRACE_ID INFO  main SparrowContainer -----------------Ioc container init success...-------------------
2022-12-02 23:20:02.889 TRACE_ID INFO  main SparrowContainer ----------------- container init ....-------------------
2022-12-02 23:20:02.895 TRACE_ID INFO  main SparrowContainer -------------system config file init ...-------------------
2022-12-02 23:20:02.905 TRACE_ID INFO  main SparrowContainer -------------init bean ...---------------------------
2022-12-02 23:20:02.959 TRACE_ID INFO  main ClassUtility class com.sparrow.security.RoleDaoTest init .....
2022-12-02 23:20:02.968 TRACE_ID INFO  main ClassUtility class com.sparrow.security.AppDaoTest init .....
2022-12-02 23:20:02.975 TRACE_ID INFO  main ClassUtility class com.sparrow.security.DiffReturnException init .....
2022-12-02 23:20:02.978 TRACE_ID INFO  main ClassUtility class com.sparrow.security.ForumDaoTest init .....
2022-12-02 23:20:02.978 TRACE_ID INFO  main ClassUtility class com.sparrow.security.ResourceDaoTest init .....
2022-12-02 23:20:02.984 TRACE_ID INFO  main ClassUtility class com.sparrow.security.BaseTest init .....
2022-12-02 23:20:02.986 TRACE_ID INFO  main ClassUtility class com.sparrow.security.admin.dao.sparrow.AppDaoImpl init .....
2022-12-02 23:20:03.000 TRACE_ID INFO  main ClassUtility class com.sparrow.security.admin.dao.sparrow.RoleDaoImpl init .....
2022-12-02 23:20:03.006 TRACE_ID INFO  main ClassUtility class com.sparrow.security.admin.dao.sparrow.PrivilegeDaoImpl init .....
2022-12-02 23:20:03.007 TRACE_ID INFO  main ClassUtility class com.sparrow.security.admin.dao.sparrow.UserGroupDaoImpl init .....
2022-12-02 23:20:03.008 TRACE_ID INFO  main ClassUtility class com.sparrow.security.admin.dao.sparrow.DepartmentDaoImpl init .....
2022-12-02 23:20:03.009 TRACE_ID INFO  main ClassUtility class com.sparrow.security.admin.dao.sparrow.GroupDaoImpl init .....
2022-12-02 23:20:03.010 TRACE_ID INFO  main ClassUtility class com.sparrow.security.admin.dao.sparrow.GroupRoleDaoImpl init .....
2022-12-02 23:20:03.011 TRACE_ID INFO  main ClassUtility class com.sparrow.security.admin.dao.sparrow.ResourceDaoImpl init .....
2022-12-02 23:20:03.012 TRACE_ID INFO  main ClassUtility class com.sparrow.security.admin.dao.sparrow.ForumDaoImpl init .....
2022-12-02 23:20:03.018 TRACE_ID INFO  main ClassUtility class com.sparrow.security.admin.dao.sparrow.GroupStrategyDaoImpl init .....
2022-12-02 23:20:03.020 TRACE_ID INFO  main ClassUtility class com.sparrow.security.admin.dao.sparrow.RoleStrategyDaoImpl init .....
2022-12-02 23:20:03.336 TRACE_ID INFO  main ClassUtility class com.sparrow.security.admin.dao.DepartmentDAO init .....
2022-12-02 23:20:03.338 TRACE_ID INFO  main ClassUtility class com.sparrow.security.admin.dao.GroupDAO init .....
2022-12-02 23:20:03.338 TRACE_ID INFO  main ClassUtility class com.sparrow.security.admin.dao.UserGroupDAO init .....
2022-12-02 23:20:03.338 TRACE_ID INFO  main ClassUtility class com.sparrow.security.admin.dao.ResourceDAO init .....
2022-12-02 23:20:03.338 TRACE_ID INFO  main ClassUtility class com.sparrow.security.admin.dao.GroupRoleDAO init .....
2022-12-02 23:20:03.340 TRACE_ID INFO  main ClassUtility class com.sparrow.security.admin.dao.PrivilegeDAO init .....
2022-12-02 23:20:03.341 TRACE_ID INFO  main ClassUtility class com.sparrow.security.admin.dao.ForumDAO init .....
2022-12-02 23:20:03.342 TRACE_ID INFO  main ClassUtility class com.sparrow.security.admin.dao.RoleDAO init .....
2022-12-02 23:20:03.342 TRACE_ID INFO  main ClassUtility class com.sparrow.security.admin.dao.AppDAO init .....
2022-12-02 23:20:03.342 TRACE_ID INFO  main ClassUtility class com.sparrow.security.admin.dao.query.role.PagerRoleQuery init .....
2022-12-02 23:20:03.343 TRACE_ID INFO  main ClassUtility class com.sparrow.security.admin.dao.query.role.CountRoleQuery init .....
2022-12-02 23:20:03.344 TRACE_ID INFO  main ClassUtility class com.sparrow.security.admin.dao.query.group.CountGroupQuery init .....
2022-12-02 23:20:03.344 TRACE_ID INFO  main ClassUtility class com.sparrow.security.admin.dao.query.group.PagerGroupQuery init .....
2022-12-02 23:20:03.344 TRACE_ID INFO  main ClassUtility class com.sparrow.security.admin.dao.query.ResourceDBQuery init .....
2022-12-02 23:20:03.345 TRACE_ID INFO  main ClassUtility class com.sparrow.security.admin.dao.query.forum.PagerForumQuery init .....
2022-12-02 23:20:03.345 TRACE_ID INFO  main ClassUtility class com.sparrow.security.admin.dao.query.forum.CountForumQuery init .....
2022-12-02 23:20:03.345 TRACE_ID INFO  main ClassUtility class com.sparrow.security.admin.dao.RoleStrategyDAO init .....
2022-12-02 23:20:03.346 TRACE_ID INFO  main ClassUtility class com.sparrow.security.po.Role init .....
2022-12-02 23:20:03.347 TRACE_ID INFO  main ClassUtility class com.sparrow.security.po.UserGroup init .....
2022-12-02 23:20:03.348 TRACE_ID INFO  main ClassUtility class com.sparrow.security.po.UserRole init .....
2022-12-02 23:20:03.349 TRACE_ID INFO  main ClassUtility class com.sparrow.security.po.Department init .....
2022-12-02 23:20:03.350 TRACE_ID INFO  main ClassUtility class com.sparrow.security.po.Forum init .....
2022-12-02 23:20:03.351 TRACE_ID INFO  main ClassUtility class com.sparrow.security.po.Resource init .....
2022-12-02 23:20:03.352 TRACE_ID INFO  main ClassUtility class com.sparrow.security.po.Privilege init .....
2022-12-02 23:20:03.353 TRACE_ID INFO  main ClassUtility class com.sparrow.security.po.User init .....
2022-12-02 23:20:03.354 TRACE_ID INFO  main ClassUtility class com.sparrow.security.po.RoleApp init .....
2022-12-02 23:20:03.354 TRACE_ID INFO  main ClassUtility class com.sparrow.security.po.Group init .....
2022-12-02 23:20:03.354 TRACE_ID INFO  main ClassUtility class com.sparrow.security.po.App init .....
2022-12-02 23:20:03.356 TRACE_ID INFO  main ClassUtility class com.sparrow.security.po.GroupRole init .....
2022-12-02 23:20:03.361 TRACE_ID INFO  main ClassUtility class com.sparrow.security.po.RoleStrategy init .....
2022-12-02 23:20:03.502 TRACE_ID INFO  main DataSourceFactoryImpl password_key mysql_sparrow_password,password 11111111
2022-12-02 23:20:04.191 TRACE_ID INFO  main SparrowContainer -------------init initializer ...--------------------------
2022-12-02 23:20:04.193 TRACE_ID INFO  main SparrowContainer -----------------Ioc container init success...-------------------
